Determining if the pthread_create exist failed with the following output:
Change Dir: /home/dji/catkin_make/src/Onboard-SDK-ROS-3.8/Onboard-SDK-3.8.1-build/CMakeFiles/CMakeTmp

Run Build Command:"/usr/bin/make" "cmTC_bda2e/fast"
make[4]: Entering directory '/home/dji/catkin_make/src/Onboard-SDK-ROS-3.8/Onboard-SDK-3.8.1-build/CMakeFiles/CMakeTmp'
/usr/bin/make -f CMakeFiles/cmTC_bda2e.dir/build.make CMakeFiles/cmTC_bda2e.dir/build
make[5]: Entering directory '/home/dji/catkin_make/src/Onboard-SDK-ROS-3.8/Onboard-SDK-3.8.1-build/CMakeFiles/CMakeTmp'
Building C object CMakeFiles/cmTC_bda2e.dir/CheckSymbolExists.c.o
/usr/bin/cc    -fPIC    -o CMakeFiles/cmTC_bda2e.dir/CheckSymbolExists.c.o   -c /home/dji/catkin_make/src/Onboard-SDK-ROS-3.8/Onboard-SDK-3.8.1-build/CMakeFiles/CMakeTmp/CheckSymbolExists.c
Linking C executable cmTC_bda2e
/usr/bin/cmake -E cmake_link_script CMakeFiles/cmTC_bda2e.dir/link.txt --verbose=1
/usr/bin/cc  -fPIC     CMakeFiles/cmTC_bda2e.dir/CheckSymbolExists.c.o  -o cmTC_bda2e -rdynamic 
CMakeFiles/cmTC_bda2e.dir/CheckSymbolExists.c.o: In function `main':
CheckSymbolExists.c:(.text+0x14): undefined reference to `pthread_create'
CheckSymbolExists.c:(.text+0x18): undefined reference to `pthread_create'
collect2: error: ld returned 1 exit status
CMakeFiles/cmTC_bda2e.dir/build.make:97: recipe for target 'cmTC_bda2e' failed
make[5]: *** [cmTC_bda2e] Error 1
make[5]: Leaving directory '/home/dji/catkin_make/src/Onboard-SDK-ROS-3.8/Onboard-SDK-3.8.1-build/CMakeFiles/CMakeTmp'
Makefile:126: recipe for target 'cmTC_bda2e/fast' failed
make[4]: *** [cmTC_bda2e/fast] Error 2
make[4]: Leaving directory '/home/dji/catkin_make/src/Onboard-SDK-ROS-3.8/Onboard-SDK-3.8.1-build/CMakeFiles/CMakeTmp'

File /home/dji/catkin_make/src/Onboard-SDK-ROS-3.8/Onboard-SDK-3.8.1-build/CMakeFiles/CMakeTmp/CheckSymbolExists.c:
/* */
#include <pthread.h>

int main(int argc, char** argv)
{
  (void)argv;
#ifndef pthread_create
  return ((int*)(&pthread_create))[argc];
#else
  (void)argc;
  return 0;
#endif
}

Determining if the function pthread_create exists in the pthreads failed with the following output:
Change Dir: /home/dji/catkin_make/src/Onboard-SDK-ROS-3.8/Onboard-SDK-3.8.1-build/CMakeFiles/CMakeTmp

Run Build Command:"/usr/bin/make" "cmTC_62b37/fast"
make[4]: Entering directory '/home/dji/catkin_make/src/Onboard-SDK-ROS-3.8/Onboard-SDK-3.8.1-build/CMakeFiles/CMakeTmp'
/usr/bin/make -f CMakeFiles/cmTC_62b37.dir/build.make CMakeFiles/cmTC_62b37.dir/build
make[5]: Entering directory '/home/dji/catkin_make/src/Onboard-SDK-ROS-3.8/Onboard-SDK-3.8.1-build/CMakeFiles/CMakeTmp'
Building C object CMakeFiles/cmTC_62b37.dir/CheckFunctionExists.c.o
/usr/bin/cc    -fPIC -DCHECK_FUNCTION_EXISTS=pthread_create   -o CMakeFiles/cmTC_62b37.dir/CheckFunctionExists.c.o   -c /usr/share/cmake-3.5/Modules/CheckFunctionExists.c
Linking C executable cmTC_62b37
/usr/bin/cmake -E cmake_link_script CMakeFiles/cmTC_62b37.dir/link.txt --verbose=1
/usr/bin/cc  -fPIC -DCHECK_FUNCTION_EXISTS=pthread_create    CMakeFiles/cmTC_62b37.dir/CheckFunctionExists.c.o  -o cmTC_62b37 -rdynamic -lpthreads 
/usr/bin/ld: cannot find -lpthreads
collect2: error: ld returned 1 exit status
CMakeFiles/cmTC_62b37.dir/build.make:97: recipe for target 'cmTC_62b37' failed
make[5]: *** [cmTC_62b37] Error 1
make[5]: Leaving directory '/home/dji/catkin_make/src/Onboard-SDK-ROS-3.8/Onboard-SDK-3.8.1-build/CMakeFiles/CMakeTmp'
Makefile:126: recipe for target 'cmTC_62b37/fast' failed
make[4]: *** [cmTC_62b37/fast] Error 2
make[4]: Leaving directory '/home/dji/catkin_make/src/Onboard-SDK-ROS-3.8/Onboard-SDK-3.8.1-build/CMakeFiles/CMakeTmp'


